mode: set
movie-api/features/paymentmethod/business/usecase.go:11.92,13.2 1 1
movie-api/features/paymentmethod/business/usecase.go:15.108,16.81 1 1
movie-api/features/paymentmethod/business/usecase.go:19.2,19.12 1 1
movie-api/features/paymentmethod/business/usecase.go:16.81,18.3 1 1
movie-api/features/paymentmethod/business/usecase.go:22.108,24.16 2 1
movie-api/features/paymentmethod/business/usecase.go:27.2,27.20 1 1
movie-api/features/paymentmethod/business/usecase.go:24.16,26.3 1 1
movie-api/features/paymentmethod/business/usecase.go:30.76,32.16 2 1
movie-api/features/paymentmethod/business/usecase.go:35.2,35.12 1 1
movie-api/features/paymentmethod/business/usecase.go:32.16,34.3 1 1
movie-api/features/account/business/usecase.go:12.68,14.2 1 1
movie-api/features/account/business/usecase.go:16.86,17.71 1 1
movie-api/features/account/business/usecase.go:20.2,20.12 1 1
movie-api/features/account/business/usecase.go:17.71,19.3 1 1
movie-api/features/account/business/usecase.go:23.108,25.16 2 1
movie-api/features/account/business/usecase.go:28.2,28.22 1 1
movie-api/features/account/business/usecase.go:25.16,27.3 1 1
movie-api/features/account/business/usecase.go:31.89,34.16 2 1
movie-api/features/account/business/usecase.go:37.2,37.25 1 1
movie-api/features/account/business/usecase.go:34.16,36.3 1 1
movie-api/features/account/business/usecase.go:40.108,42.16 2 1
movie-api/features/account/business/usecase.go:45.2,46.16 2 1
movie-api/features/account/business/usecase.go:49.2,49.25 1 1
movie-api/features/account/business/usecase.go:42.16,44.3 1 1
movie-api/features/account/business/usecase.go:46.16,48.3 1 0
movie-api/features/account/business/usecase.go:52.88,55.16 2 0
movie-api/features/account/business/usecase.go:58.2,58.25 1 0
movie-api/features/account/business/usecase.go:55.16,57.3 1 0
movie-api/features/tmdb/business/usecase.go:11.56,13.2 1 1
movie-api/features/tmdb/business/usecase.go:15.93,18.16 2 1
movie-api/features/tmdb/business/usecase.go:21.2,21.23 1 1
movie-api/features/tmdb/business/usecase.go:18.16,20.3 1 1
movie-api/features/tmdb/business/usecase.go:24.81,27.16 2 1
movie-api/features/tmdb/business/usecase.go:30.2,30.23 1 1
movie-api/features/tmdb/business/usecase.go:27.16,29.3 1 1
movie-api/features/tmdb/business/usecase.go:33.81,36.16 2 1
movie-api/features/tmdb/business/usecase.go:39.2,39.23 1 1
movie-api/features/tmdb/business/usecase.go:36.16,38.3 1 1
movie-api/features/transaction/business/usecase.go:9.84,11.2 1 1
movie-api/features/transaction/business/usecase.go:13.102,14.79 1 1
movie-api/features/transaction/business/usecase.go:17.2,17.12 1 1
movie-api/features/transaction/business/usecase.go:14.79,16.3 1 1
movie-api/features/transaction/business/usecase.go:20.111,22.16 2 1
movie-api/features/transaction/business/usecase.go:25.2,25.26 1 1
movie-api/features/transaction/business/usecase.go:22.16,24.3 1 1
movie-api/features/transaction/business/usecase.go:28.73,30.16 2 1
movie-api/features/transaction/business/usecase.go:33.2,33.12 1 1
movie-api/features/transaction/business/usecase.go:30.16,32.3 1 1
movie-api/features/watchlist/business/usecase.go:11.76,13.2 1 1
movie-api/features/watchlist/business/usecase.go:15.92,16.73 1 1
movie-api/features/watchlist/business/usecase.go:19.2,19.12 1 1
movie-api/features/watchlist/business/usecase.go:16.73,18.3 1 1
movie-api/features/watchlist/business/usecase.go:22.102,24.16 2 1
movie-api/features/watchlist/business/usecase.go:27.2,27.24 1 1
movie-api/features/watchlist/business/usecase.go:24.16,26.3 1 1
movie-api/features/watchlist/business/usecase.go:30.68,32.16 2 1
movie-api/features/watchlist/business/usecase.go:35.2,35.12 1 1
movie-api/features/watchlist/business/usecase.go:32.16,34.3 1 1
