mode: set
movie-api/features/account/business/usecase.go:12.68,14.2 1 1
movie-api/features/account/business/usecase.go:16.86,17.71 1 1
movie-api/features/account/business/usecase.go:20.2,20.12 1 1
movie-api/features/account/business/usecase.go:17.71,19.3 1 1
movie-api/features/account/business/usecase.go:23.108,25.16 2 1
movie-api/features/account/business/usecase.go:28.2,28.22 1 1
movie-api/features/account/business/usecase.go:25.16,27.3 1 1
movie-api/features/account/business/usecase.go:31.89,34.16 2 1
movie-api/features/account/business/usecase.go:37.2,37.25 1 1
movie-api/features/account/business/usecase.go:34.16,36.3 1 1
movie-api/features/account/business/usecase.go:40.108,42.16 2 1
movie-api/features/account/business/usecase.go:45.2,46.16 2 1
movie-api/features/account/business/usecase.go:49.2,49.25 1 1
movie-api/features/account/business/usecase.go:42.16,44.3 1 1
movie-api/features/account/business/usecase.go:46.16,48.3 1 0
movie-api/features/account/business/usecase.go:52.88,55.16 2 0
movie-api/features/account/business/usecase.go:58.2,58.25 1 0
movie-api/features/account/business/usecase.go:55.16,57.3 1 0
