mode: set
movie-api/features/paymentmethod/business/usecase.go:11.92,13.2 1 1
movie-api/features/paymentmethod/business/usecase.go:15.108,16.81 1 1
movie-api/features/paymentmethod/business/usecase.go:19.2,19.12 1 1
movie-api/features/paymentmethod/business/usecase.go:16.81,18.3 1 1
movie-api/features/paymentmethod/business/usecase.go:22.108,24.16 2 1
movie-api/features/paymentmethod/business/usecase.go:27.2,27.20 1 1
movie-api/features/paymentmethod/business/usecase.go:24.16,26.3 1 1
movie-api/features/paymentmethod/business/usecase.go:30.76,32.16 2 1
movie-api/features/paymentmethod/business/usecase.go:35.2,35.12 1 1
movie-api/features/paymentmethod/business/usecase.go:32.16,34.3 1 1
