mode: set
movie-api/features/watchlist/business/usecase.go:11.76,13.2 1 1
movie-api/features/watchlist/business/usecase.go:15.92,16.73 1 1
movie-api/features/watchlist/business/usecase.go:19.2,19.12 1 1
movie-api/features/watchlist/business/usecase.go:16.73,18.3 1 1
movie-api/features/watchlist/business/usecase.go:22.102,24.16 2 1
movie-api/features/watchlist/business/usecase.go:27.2,27.24 1 1
movie-api/features/watchlist/business/usecase.go:24.16,26.3 1 1
movie-api/features/watchlist/business/usecase.go:30.68,32.16 2 1
movie-api/features/watchlist/business/usecase.go:35.2,35.12 1 1
movie-api/features/watchlist/business/usecase.go:32.16,34.3 1 1
