mode: set
movie-api/features/tmdb/business/usecase.go:11.56,13.2 1 1
movie-api/features/tmdb/business/usecase.go:15.93,18.16 2 1
movie-api/features/tmdb/business/usecase.go:21.2,21.23 1 1
movie-api/features/tmdb/business/usecase.go:18.16,20.3 1 1
movie-api/features/tmdb/business/usecase.go:24.81,27.16 2 1
movie-api/features/tmdb/business/usecase.go:30.2,30.23 1 1
movie-api/features/tmdb/business/usecase.go:27.16,29.3 1 1
movie-api/features/tmdb/business/usecase.go:33.81,36.16 2 1
movie-api/features/tmdb/business/usecase.go:39.2,39.23 1 1
movie-api/features/tmdb/business/usecase.go:36.16,38.3 1 1
